<?xml version="1.0" encoding="UTF-8"?>
<!-- Generated by org.testng.reporters.JUnitXMLReporter -->
<testsuite ignored="0" hostname="DESKTOP-NHPRK1V" failures="1" tests="1" name="Test" time="47.493" errors="0" timestamp="2024-08-22T10:39:19 IST">
  <testcase classname="com.testCases.AccountRegistrationTest" name="action" time="19.912">
    <failure type="java.lang.AssertionError" message="expected [true] but found [false]">
      <![CDATA[java.lang.AssertionError: expected [true] but found [false]
at com.testCases.AccountRegistrationTest.action(AccountRegistrationTest.java:42)
at java.base/java.util.ArrayList.forEach(ArrayList.java:1511)
... Removed 29 stack frames]]>
    </failure>
  </testcase> <!-- action -->
</testsuite> <!-- Test -->
